<?xml version="1.0" encoding="UTF-8"?>
<!-- Generated by org.testng.reporters.JUnitXMLReporter -->
<testsuite ignored="0" hostname="DESKTOP-EMUU5D0" failures="0" tests="4" name="chrome" time="0.139" errors="0" timestamp="2022-07-02T09:18:50 IST">
  <testcase classname="testPack.Demo" name="test1" time="0.012"/>
  <testcase classname="testPack.Demo" name="test2" time="0.003"/>
  <testcase classname="testPack.Demo2" name="test1" time="0.01"/>
  <testcase classname="testPack.Demo2" name="test2" time="0.004"/>
</testsuite> <!-- chrome -->
