<?xml version="1.0" encoding="UTF-8"?>
<!-- Generated by org.testng.reporters.JUnitXMLReporter -->
<testsuite ignored="0" hostname="DESKTOP-EMUU5D0" failures="0" tests="4" name="ff" time="0.162" errors="0" timestamp="2022-07-02T09:18:50 IST">
  <testcase classname="testPack.Demo" name="test1" time="0.009"/>
  <testcase classname="testPack.Demo" name="test2" time="0.005"/>
  <testcase classname="testPack.Demo2" name="test1" time="0.023"/>
  <testcase classname="testPack.Demo2" name="test2" time="0.002"/>
</testsuite> <!-- ff -->
