<?xml version="1.0" encoding="UTF-8"?>
<testng-results ignored="0" total="8" passed="8" failed="0" skipped="0">
  <reporter-output>
  </reporter-output>
  <suite started-at="2022-07-02T09:18:50 IST" name="feb26" finished-at="2022-07-02T09:18:50 IST" duration-ms="183">
    <groups>
    </groups>
    <test started-at="2022-07-02T09:18:50 IST" name="chrome" finished-at="2022-07-02T09:18:50 IST" duration-ms="139">
      <class name="testPack.Demo2">
        <test-method is-config="true" signature="beforeTest()[pri:0, instance:testPack.Demo2@3e92efc3]" started-at="2022-07-02T09:18:50 IST" name="beforeTest" finished-at="2022-07-02T09:18:50 IST" duration-ms="1" status="PASS">
          <reporter-output>
          </reporter-output>
        </test-method> <!-- beforeTest -->
        <test-method is-config="true" signature="beforeClass()[pri:0, instance:testPack.Demo2@3e92efc3]" started-at="2022-07-02T09:18:50 IST" name="beforeClass" finished-at="2022-07-02T09:18:50 IST" duration-ms="0" status="PASS">
          <reporter-output>
          </reporter-output>
        </test-method> <!-- beforeClass -->
        <test-method is-config="true" signature="beforeMethod()[pri:0, instance:testPack.Demo2@3e92efc3]" started-at="2022-07-02T09:18:50 IST" name="beforeMethod" finished-at="2022-07-02T09:18:50 IST" duration-ms="3" status="PASS">
          <reporter-output>
          </reporter-output>
        </test-method> <!-- beforeMethod -->
        <test-method signature="test1()[pri:0, instance:testPack.Demo2@3e92efc3]" started-at="2022-07-02T09:18:50 IST" name="test1" finished-at="2022-07-02T09:18:50 IST" duration-ms="10" status="PASS">
          <reporter-output>
          </reporter-output>
        </test-method> <!-- test1 -->
        <test-method is-config="true" signature="afterMethod()[pri:0, instance:testPack.Demo2@3e92efc3]" started-at="2022-07-02T09:18:50 IST" name="afterMethod" finished-at="2022-07-02T09:18:50 IST" duration-ms="0" status="PASS">
          <reporter-output>
          </reporter-output>
        </test-method> <!-- afterMethod -->
        <test-method is-config="true" signature="beforeMethod()[pri:0, instance:testPack.Demo2@3e92efc3]" started-at="2022-07-02T09:18:50 IST" name="beforeMethod" finished-at="2022-07-02T09:18:50 IST" duration-ms="0" status="PASS">
          <reporter-output>
          </reporter-output>
        </test-method> <!-- beforeMethod -->
        <test-method signature="test2()[pri:0, instance:testPack.Demo2@3e92efc3]" started-at="2022-07-02T09:18:50 IST" name="test2" finished-at="2022-07-02T09:18:50 IST" duration-ms="4" status="PASS">
          <reporter-output>
          </reporter-output>
        </test-method> <!-- test2 -->
        <test-method is-config="true" signature="afterMethod()[pri:0, instance:testPack.Demo2@3e92efc3]" started-at="2022-07-02T09:18:50 IST" name="afterMethod" finished-at="2022-07-02T09:18:50 IST" duration-ms="0" status="PASS">
          <reporter-output>
          </reporter-output>
        </test-method> <!-- afterMethod -->
        <test-method is-config="true" signature="afterClass()[pri:0, instance:testPack.Demo2@3e92efc3]" started-at="2022-07-02T09:18:50 IST" name="afterClass" finished-at="2022-07-02T09:18:50 IST" duration-ms="1" status="PASS">
          <reporter-output>
          </reporter-output>
        </test-method> <!-- afterClass -->
        <test-method is-config="true" signature="afterTest()[pri:0, instance:testPack.Demo2@3e92efc3]" started-at="2022-07-02T09:18:50 IST" name="afterTest" finished-at="2022-07-02T09:18:50 IST" duration-ms="0" status="PASS">
          <reporter-output>
          </reporter-output>
        </test-method> <!-- afterTest -->
      </class> <!-- testPack.Demo2 -->
      <class name="testPack.Demo">
        <test-method is-config="true" signature="beforeClass()[pri:0, instance:testPack.Demo@769f71a9]" started-at="2022-07-02T09:18:50 IST" name="beforeClass" finished-at="2022-07-02T09:18:50 IST" duration-ms="1" status="PASS">
          <reporter-output>
          </reporter-output>
        </test-method> <!-- beforeClass -->
        <test-method is-config="true" signature="beforeMethod()[pri:0, instance:testPack.Demo@769f71a9]" started-at="2022-07-02T09:18:50 IST" name="beforeMethod" finished-at="2022-07-02T09:18:50 IST" duration-ms="1" status="PASS">
          <reporter-output>
          </reporter-output>
        </test-method> <!-- beforeMethod -->
        <test-method signature="test1()[pri:0, instance:testPack.Demo@769f71a9]" started-at="2022-07-02T09:18:50 IST" name="test1" finished-at="2022-07-02T09:18:50 IST" duration-ms="12" status="PASS">
          <reporter-output>
          </reporter-output>
        </test-method> <!-- test1 -->
        <test-method is-config="true" signature="afterMethod()[pri:0, instance:testPack.Demo@769f71a9]" started-at="2022-07-02T09:18:50 IST" name="afterMethod" finished-at="2022-07-02T09:18:50 IST" duration-ms="0" status="PASS">
          <reporter-output>
          </reporter-output>
        </test-method> <!-- afterMethod -->
        <test-method is-config="true" signature="beforeMethod()[pri:0, instance:testPack.Demo@769f71a9]" started-at="2022-07-02T09:18:50 IST" name="beforeMethod" finished-at="2022-07-02T09:18:50 IST" duration-ms="0" status="PASS">
          <reporter-output>
          </reporter-output>
        </test-method> <!-- beforeMethod -->
        <test-method signature="test2()[pri:0, instance:testPack.Demo@769f71a9]" started-at="2022-07-02T09:18:50 IST" name="test2" finished-at="2022-07-02T09:18:50 IST" duration-ms="3" status="PASS">
          <reporter-output>
          </reporter-output>
        </test-method> <!-- test2 -->
        <test-method is-config="true" signature="afterMethod()[pri:0, instance:testPack.Demo@769f71a9]" started-at="2022-07-02T09:18:50 IST" name="afterMethod" finished-at="2022-07-02T09:18:50 IST" duration-ms="0" status="PASS">
          <reporter-output>
          </reporter-output>
        </test-method> <!-- afterMethod -->
        <test-method is-config="true" signature="afterClass()[pri:0, instance:testPack.Demo@769f71a9]" started-at="2022-07-02T09:18:50 IST" name="afterClass" finished-at="2022-07-02T09:18:50 IST" duration-ms="29" status="PASS">
          <reporter-output>
          </reporter-output>
        </test-method> <!-- afterClass -->
      </class> <!-- testPack.Demo -->
    </test> <!-- chrome -->
    <test started-at="2022-07-02T09:18:50 IST" name="ff" finished-at="2022-07-02T09:18:50 IST" duration-ms="162">
      <class name="testPack.Demo2">
        <test-method is-config="true" signature="beforeSuite()[pri:0, instance:testPack.Demo2@28eaa59a]" started-at="2022-07-02T09:18:50 IST" name="beforeSuite" finished-at="2022-07-02T09:18:50 IST" duration-ms="16" status="PASS">
          <reporter-output>
          </reporter-output>
        </test-method> <!-- beforeSuite -->
        <test-method is-config="true" signature="beforeTest()[pri:0, instance:testPack.Demo2@28eaa59a]" started-at="2022-07-02T09:18:50 IST" name="beforeTest" finished-at="2022-07-02T09:18:50 IST" duration-ms="1" status="PASS">
          <reporter-output>
          </reporter-output>
        </test-method> <!-- beforeTest -->
        <test-method is-config="true" signature="beforeClass()[pri:0, instance:testPack.Demo2@28eaa59a]" started-at="2022-07-02T09:18:50 IST" name="beforeClass" finished-at="2022-07-02T09:18:50 IST" duration-ms="0" status="PASS">
          <reporter-output>
          </reporter-output>
        </test-method> <!-- beforeClass -->
        <test-method is-config="true" signature="beforeMethod()[pri:0, instance:testPack.Demo2@28eaa59a]" started-at="2022-07-02T09:18:50 IST" name="beforeMethod" finished-at="2022-07-02T09:18:50 IST" duration-ms="11" status="PASS">
          <reporter-output>
          </reporter-output>
        </test-method> <!-- beforeMethod -->
        <test-method signature="test1()[pri:0, instance:testPack.Demo2@28eaa59a]" started-at="2022-07-02T09:18:50 IST" name="test1" finished-at="2022-07-02T09:18:50 IST" duration-ms="23" status="PASS">
          <reporter-output>
          </reporter-output>
        </test-method> <!-- test1 -->
        <test-method is-config="true" signature="afterMethod()[pri:0, instance:testPack.Demo2@28eaa59a]" started-at="2022-07-02T09:18:50 IST" name="afterMethod" finished-at="2022-07-02T09:18:50 IST" duration-ms="3" status="PASS">
          <reporter-output>
          </reporter-output>
        </test-method> <!-- afterMethod -->
        <test-method signature="test2()[pri:0, instance:testPack.Demo2@28eaa59a]" started-at="2022-07-02T09:18:50 IST" name="test2" finished-at="2022-07-02T09:18:50 IST" duration-ms="2" status="PASS">
          <reporter-output>
          </reporter-output>
        </test-method> <!-- test2 -->
        <test-method is-config="true" signature="beforeMethod()[pri:0, instance:testPack.Demo2@28eaa59a]" started-at="2022-07-02T09:18:50 IST" name="beforeMethod" finished-at="2022-07-02T09:18:50 IST" duration-ms="0" status="PASS">
          <reporter-output>
          </reporter-output>
        </test-method> <!-- beforeMethod -->
        <test-method is-config="true" signature="afterMethod()[pri:0, instance:testPack.Demo2@28eaa59a]" started-at="2022-07-02T09:18:50 IST" name="afterMethod" finished-at="2022-07-02T09:18:50 IST" duration-ms="1" status="PASS">
          <reporter-output>
          </reporter-output>
        </test-method> <!-- afterMethod -->
        <test-method is-config="true" signature="afterClass()[pri:0, instance:testPack.Demo2@28eaa59a]" started-at="2022-07-02T09:18:50 IST" name="afterClass" finished-at="2022-07-02T09:18:50 IST" duration-ms="1" status="PASS">
          <reporter-output>
          </reporter-output>
        </test-method> <!-- afterClass -->
        <test-method is-config="true" signature="afterTest()[pri:0, instance:testPack.Demo2@28eaa59a]" started-at="2022-07-02T09:18:50 IST" name="afterTest" finished-at="2022-07-02T09:18:50 IST" duration-ms="0" status="PASS">
          <reporter-output>
          </reporter-output>
        </test-method> <!-- afterTest -->
        <test-method is-config="true" signature="afterSuite()[pri:0, instance:testPack.Demo2@28eaa59a]" started-at="2022-07-02T09:18:50 IST" name="afterSuite" finished-at="2022-07-02T09:18:50 IST" duration-ms="1" status="PASS">
          <reporter-output>
          </reporter-output>
        </test-method> <!-- afterSuite -->
      </class> <!-- testPack.Demo2 -->
      <class name="testPack.Demo">
        <test-method is-config="true" signature="beforeClass()[pri:0, instance:testPack.Demo@7ed7259e]" started-at="2022-07-02T09:18:50 IST" name="beforeClass" finished-at="2022-07-02T09:18:50 IST" duration-ms="0" status="PASS">
          <reporter-output>
          </reporter-output>
        </test-method> <!-- beforeClass -->
        <test-method is-config="true" signature="beforeMethod()[pri:0, instance:testPack.Demo@7ed7259e]" started-at="2022-07-02T09:18:50 IST" name="beforeMethod" finished-at="2022-07-02T09:18:50 IST" duration-ms="0" status="PASS">
          <reporter-output>
          </reporter-output>
        </test-method> <!-- beforeMethod -->
        <test-method signature="test1()[pri:0, instance:testPack.Demo@7ed7259e]" started-at="2022-07-02T09:18:50 IST" name="test1" finished-at="2022-07-02T09:18:50 IST" duration-ms="9" status="PASS">
          <reporter-output>
          </reporter-output>
        </test-method> <!-- test1 -->
        <test-method is-config="true" signature="afterMethod()[pri:0, instance:testPack.Demo@7ed7259e]" started-at="2022-07-02T09:18:50 IST" name="afterMethod" finished-at="2022-07-02T09:18:50 IST" duration-ms="0" status="PASS">
          <reporter-output>
          </reporter-output>
        </test-method> <!-- afterMethod -->
        <test-method is-config="true" signature="beforeMethod()[pri:0, instance:testPack.Demo@7ed7259e]" started-at="2022-07-02T09:18:50 IST" name="beforeMethod" finished-at="2022-07-02T09:18:50 IST" duration-ms="6" status="PASS">
          <reporter-output>
          </reporter-output>
        </test-method> <!-- beforeMethod -->
        <test-method signature="test2()[pri:0, instance:testPack.Demo@7ed7259e]" started-at="2022-07-02T09:18:50 IST" name="test2" finished-at="2022-07-02T09:18:50 IST" duration-ms="5" status="PASS">
          <reporter-output>
          </reporter-output>
        </test-method> <!-- test2 -->
        <test-method is-config="true" signature="afterMethod()[pri:0, instance:testPack.Demo@7ed7259e]" started-at="2022-07-02T09:18:50 IST" name="afterMethod" finished-at="2022-07-02T09:18:50 IST" duration-ms="0" status="PASS">
          <reporter-output>
          </reporter-output>
        </test-method> <!-- afterMethod -->
        <test-method is-config="true" signature="afterClass()[pri:0, instance:testPack.Demo@7ed7259e]" started-at="2022-07-02T09:18:50 IST" name="afterClass" finished-at="2022-07-02T09:18:50 IST" duration-ms="2" status="PASS">
          <reporter-output>
          </reporter-output>
        </test-method> <!-- afterClass -->
      </class> <!-- testPack.Demo -->
    </test> <!-- ff -->
  </suite> <!-- feb26 -->
</testng-results>
